<?xml version="1.0" encoding="UTF-8"?>
<testng-results ignored="0" total="1" passed="1" failed="0" skipped="0">
  <reporter-output>
  </reporter-output>
  <suite started-at="2022-07-05T11:03:08 IST" name="Default suite" finished-at="2022-07-05T11:05:03 IST" duration-ms="114263">
    <groups>
    </groups>
    <test started-at="2022-07-05T11:03:08 IST" name="Default test" finished-at="2022-07-05T11:05:03 IST" duration-ms="114263">
      <class name="testcases.MedianAddSystemDBTC001">
        <test-method is-config="true" signature="launchApplication()[pri:0, instance:testcases.MedianAddSystemDBTC001@1ed4ae0f]" started-at="2022-07-05T11:03:08 IST" name="launchApplication" finished-at="2022-07-05T11:03:19 IST" duration-ms="10795" status="PASS">
          <reporter-output>
          </reporter-output>
        </test-method> <!-- launchApplication -->
        <test-method signature="runMedianLogin()[pri:0, instance:testcases.MedianAddSystemDBTC001@1ed4ae0f]" started-at="2022-07-05T11:03:19 IST" name="runMedianLogin" finished-at="2022-07-05T11:05:02 IST" duration-ms="103133" status="PASS">
          <reporter-output>
          </reporter-output>
        </test-method> <!-- runMedianLogin -->
        <test-method is-config="true" signature="closeBrowser()[pri:0, instance:testcases.MedianAddSystemDBTC001@1ed4ae0f]" started-at="2022-07-05T11:05:02 IST" name="closeBrowser" finished-at="2022-07-05T11:05:03 IST" duration-ms="265" status="PASS">
          <reporter-output>
          </reporter-output>
        </test-method> <!-- closeBrowser -->
      </class> <!-- testcases.MedianAddSystemDBTC001 -->
    </test> <!-- Default test -->
  </suite> <!-- Default suite -->
</testng-results>
