<?xml version="1.0" encoding="UTF-8"?>
<testng-results ignored="0" total="1" passed="1" failed="0" skipped="0">
  <reporter-output>
  </reporter-output>
  <suite started-at="2022-05-31T23:35:02 IST" name="Default suite" finished-at="2022-05-31T23:37:06 IST" duration-ms="124235">
    <groups>
    </groups>
    <test started-at="2022-05-31T23:35:02 IST" name="Default test" finished-at="2022-05-31T23:37:06 IST" duration-ms="124235">
      <class name="testcases.MedianAddSystemIXMLTestCase">
        <test-method is-config="true" signature="launchApplication()[pri:0, instance:testcases.MedianAddSystemIXMLTestCase@1ed4ae0f]" started-at="2022-05-31T23:35:02 IST" name="launchApplication" finished-at="2022-05-31T23:35:11 IST" duration-ms="8800" status="PASS">
          <reporter-output>
          </reporter-output>
        </test-method> <!-- launchApplication -->
        <test-method signature="runMedianLogin()[pri:0, instance:testcases.MedianAddSystemIXMLTestCase@1ed4ae0f]" started-at="2022-05-31T23:35:11 IST" name="runMedianLogin" finished-at="2022-05-31T23:37:06 IST" duration-ms="115100" status="PASS">
          <reporter-output>
          </reporter-output>
        </test-method> <!-- runMedianLogin -->
        <test-method is-config="true" signature="closeBrowser()[pri:0, instance:testcases.MedianAddSystemIXMLTestCase@1ed4ae0f]" started-at="2022-05-31T23:37:06 IST" name="closeBrowser" finished-at="2022-05-31T23:37:06 IST" duration-ms="266" status="PASS">
          <reporter-output>
          </reporter-output>
        </test-method> <!-- closeBrowser -->
      </class> <!-- testcases.MedianAddSystemIXMLTestCase -->
    </test> <!-- Default test -->
  </suite> <!-- Default suite -->
</testng-results>
